<?xml version="1.0" encoding="UTF-8"?>
<!-- Generated by org.testng.reporters.JUnitReportReporter -->
<testsuite hostname="DESKTOP-SRVP3EQ" failures="0" tests="3" name="Test_Package.Test_Cases" time="53.675" errors="0" timestamp="2024-03-18T19:12:41 IST" skipped="0">
  <testcase classname="Test_Package.Test_Cases" name="Test3" time="19.927"/>
  <testcase classname="Test_Package.Test_Cases" name="Test1" time="16.482"/>
  <testcase classname="Test_Package.Test_Cases" name="Test2" time="17.266"/>
</testsuite> <!-- Test_Package.Test_Cases -->
